[error] [2023-05-22T02:22:40.564Z] : × Below file formats are not allowed in Sigma
[info] [2023-05-22T02:22:40.568Z] :  ==> app\favicon.ico
[info] [2023-05-22T02:22:40.569Z] :  ==> app\js\app.2f07869f.js.map
[info] [2023-05-22T02:22:40.569Z] :  ==> app\js\chunk-vendors.52755991.js.map
[info] [2023-05-22T02:22:40.571Z] : Note - File formats that can be packed are: txt, md, xml, dre, jpg, jpeg, png, gif, css, js, html, json, mp3, svg, woff, ttf, eot, webm, mp4, and woff2
[error] [2023-05-22T02:22:40.585Z] : × Below file formats are not allowed in Sigma
[info] [2023-05-22T02:22:40.587Z] :  ==> app\favicon.ico
[info] [2023-05-22T02:22:40.589Z] :  ==> app\js\app.2f07869f.js.map
[info] [2023-05-22T02:22:40.591Z] :  ==> app\js\chunk-vendors.52755991.js.map
[info] [2023-05-22T02:22:40.592Z] : Note - File formats that can be packed are: txt, md, xml, dre, jpg, jpeg, png, gif, css, js, html, json, mp3, svg, woff, ttf, eot, webm, mp4, and woff2
[error] [2023-05-22T15:06:57.633Z] : × Below file formats are not allowed in Sigma
[info] [2023-05-22T15:06:57.641Z] :  ==> app\favicon.ico
[info] [2023-05-22T15:06:57.644Z] :  ==> app\js\app.4149b176.js.map
[info] [2023-05-22T15:06:57.647Z] :  ==> app\js\chunk-vendors.45198fc6.js.map
[info] [2023-05-22T15:06:57.650Z] : Note - File formats that can be packed are: txt, md, xml, dre, jpg, jpeg, png, gif, css, js, html, json, mp3, svg, woff, ttf, eot, webm, mp4, and woff2
[error] [2023-05-22T15:06:57.686Z] : × Below file formats are not allowed in Sigma
[info] [2023-05-22T15:06:57.691Z] :  ==> app\favicon.ico
[info] [2023-05-22T15:06:57.695Z] :  ==> app\js\app.4149b176.js.map
[info] [2023-05-22T15:06:57.698Z] :  ==> app\js\chunk-vendors.45198fc6.js.map
[info] [2023-05-22T15:06:57.700Z] : Note - File formats that can be packed are: txt, md, xml, dre, jpg, jpeg, png, gif, css, js, html, json, mp3, svg, woff, ttf, eot, webm, mp4, and woff2
[error] [2023-05-22T20:15:29.061Z] : × Below file formats are not allowed in Sigma
[info] [2023-05-22T20:15:29.067Z] :  ==> app\favicon.ico
[info] [2023-05-22T20:15:29.068Z] :  ==> app\js\app.1f83f213.js.map
[info] [2023-05-22T20:15:29.070Z] :  ==> app\js\chunk-vendors.67827090.js.map
[info] [2023-05-22T20:15:29.071Z] : Note - File formats that can be packed are: txt, md, xml, dre, jpg, jpeg, png, gif, css, js, html, json, mp3, svg, woff, ttf, eot, webm, mp4, and woff2
[error] [2023-05-22T20:15:29.088Z] : × Below file formats are not allowed in Sigma
[info] [2023-05-22T20:15:29.090Z] :  ==> app\favicon.ico
[info] [2023-05-22T20:15:29.092Z] :  ==> app\js\app.1f83f213.js.map
[info] [2023-05-22T20:15:29.094Z] :  ==> app\js\chunk-vendors.67827090.js.map
[info] [2023-05-22T20:15:29.096Z] : Note - File formats that can be packed are: txt, md, xml, dre, jpg, jpeg, png, gif, css, js, html, json, mp3, svg, woff, ttf, eot, webm, mp4, and woff2
